
  ___  ____  ____  ____  ____ ®
 /__    /   ____/   /   ____/      18.0
___/   /   /___/   /   /___/       MP—Parallel Edition

 Statistics and Data Science       Copyright 1985-2023 StataCorp LLC
                                   StataCorp
                                   4905 Lakeway Drive
                                   College Station, Texas 77845 USA
                                   800-STATA-PC        https://www.stata.com
                                   979-696-4600        stata@stata.com

Stata license: 5-user 16-core network perpetual
Serial number: 501806317788
  Licensed to: UCLA Anderson School of Management
               Los Angeles, CA

Notes:
      1. Stata is running in batch mode.
      2. Unicode is supported; see help unicode_advice.
      3. More than 2 billion observations are allowed; see help obs_advice.
      4. Maximum number of variables is set to 5,000 but can be increased;
          see help set_maxvar.

. do /mnt/phd/jihu/VaxDemandDistance/Demand/datawork/geonear_pharmacies.do /exp
> ort/storage_covidvaccine/Data/Intermediate/blk_coords.dta /export/storage_cov
> idvaccine/Result/MaxVaxDistLogLin/M5_K10000_4q/Dollar//vaccinated/ca_Dollar_l
> ocations_total_10000_5_4q_mnl_A800_randomseed13.dta /export/storage_covidvacc
> ine/Result/MaxVaxDistLogLin/M5_K10000_4q/Dollar//vaccinated/ca_blk_Dollar_dis
> t_total_10000_5_4q_mnl_A800_randomseed13.csv 3000 50 

. // NOTE: rename the input data's latitude and longitude variables to "latitud
> e" and "longitude" before running this script.
. cap log close

. log using "geonear.log", replace
file /mnt/phd/jihu/VaxDemandDistance/output_log/Stata/geonear.log cannot be
    modified or erased; likely cause is read-only directory or file
r(608);

end of do-file
r(608);
